0 info it worked if it ends with ok
1 verbose cli [ 'D:\\nodejs\\node.exe',
1 verbose cli   'D:\\nodejs\\node_modules\\npm\\bin\\npm-cli.js',
1 verbose cli   'install',
1 verbose cli   'httpsync',
1 verbose cli   '--save' ]
2 info using npm@3.10.10
3 info using node@v6.10.2
4 silly loadCurrentTree Starting
5 silly install loadCurrentTree
6 silly install readLocalPackageData
7 silly fetchPackageMetaData httpsync
8 silly fetchNamedPackageData httpsync
9 silly mapToRegistry name httpsync
10 silly mapToRegistry using default registry
11 silly mapToRegistry registry https://registry.npmjs.org/
12 silly mapToRegistry data Result {
12 silly mapToRegistry   raw: 'httpsync',
12 silly mapToRegistry   scope: null,
12 silly mapToRegistry   escapedName: 'httpsync',
12 silly mapToRegistry   name: 'httpsync',
12 silly mapToRegistry   rawSpec: '',
12 silly mapToRegistry   spec: 'latest',
12 silly mapToRegistry   type: 'tag' }
13 silly mapToRegistry uri https://registry.npmjs.org/httpsync
14 verbose request uri https://registry.npmjs.org/httpsync
15 verbose request no auth needed
16 info attempt registry request try #1 at 01:55:21
17 verbose request id 6857c8eca8f5073e
18 verbose etag W/"5801d023-3404"
19 verbose lastModified Sat, 15 Oct 2016 06:43:47 GMT
20 http request GET https://registry.npmjs.org/httpsync
21 http 304 https://registry.npmjs.org/httpsync
22 verbose headers { date: 'Fri, 19 May 2017 17:55:17 GMT',
22 verbose headers   via: '1.1 varnish',
22 verbose headers   'cache-control': 'max-age=300',
22 verbose headers   etag: 'W/"5801d023-3404"',
22 verbose headers   age: '14',
22 verbose headers   connection: 'keep-alive',
22 verbose headers   'x-served-by': 'cache-nrt6124-NRT',
22 verbose headers   'x-cache': 'HIT',
22 verbose headers   'x-cache-hits': '1',
22 verbose headers   'x-timer': 'S1495216517.063115,VS0,VE0',
22 verbose headers   vary: 'Accept-Encoding' }
23 silly get cb [ 304,
23 silly get   { date: 'Fri, 19 May 2017 17:55:17 GMT',
23 silly get     via: '1.1 varnish',
23 silly get     'cache-control': 'max-age=300',
23 silly get     etag: 'W/"5801d023-3404"',
23 silly get     age: '14',
23 silly get     connection: 'keep-alive',
23 silly get     'x-served-by': 'cache-nrt6124-NRT',
23 silly get     'x-cache': 'HIT',
23 silly get     'x-cache-hits': '1',
23 silly get     'x-timer': 'S1495216517.063115,VS0,VE0',
23 silly get     vary: 'Accept-Encoding' } ]
24 verbose etag https://registry.npmjs.org/httpsync from cache
25 verbose get saving httpsync to C:\Users\Administrator\AppData\Roaming\npm-cache\registry.npmjs.org\httpsync\.cache.json
26 verbose correctMkdir C:\Users\Administrator\AppData\Roaming\npm-cache correctMkdir not in flight; initializing
27 silly install normalizeTree
28 silly loadCurrentTree Finishing
29 silly loadIdealTree Starting
30 silly install loadIdealTree
31 silly cloneCurrentTree Starting
32 silly install cloneCurrentTreeToIdealTree
33 silly cloneCurrentTree Finishing
34 silly loadShrinkwrap Starting
35 silly install loadShrinkwrap
36 silly loadShrinkwrap Finishing
37 silly loadAllDepsIntoIdealTree Starting
38 silly install loadAllDepsIntoIdealTree
39 silly resolveWithNewModule httpsync@0.0.8 checking installable status
40 silly cache add args [ 'httpsync', null ]
41 verbose cache add spec httpsync
42 silly cache add parsed spec Result {
42 silly cache add   raw: 'httpsync',
42 silly cache add   scope: null,
42 silly cache add   escapedName: 'httpsync',
42 silly cache add   name: 'httpsync',
42 silly cache add   rawSpec: '',
42 silly cache add   spec: 'latest',
42 silly cache add   type: 'tag' }
43 silly addNamed httpsync@latest
44 verbose addNamed "latest" is being treated as a dist-tag for httpsync
45 info addNameTag [ 'httpsync', 'latest' ]
46 silly mapToRegistry name httpsync
47 silly mapToRegistry using default registry
48 silly mapToRegistry registry https://registry.npmjs.org/
49 silly mapToRegistry data Result {
49 silly mapToRegistry   raw: 'httpsync',
49 silly mapToRegistry   scope: null,
49 silly mapToRegistry   escapedName: 'httpsync',
49 silly mapToRegistry   name: 'httpsync',
49 silly mapToRegistry   rawSpec: '',
49 silly mapToRegistry   spec: 'latest',
49 silly mapToRegistry   type: 'tag' }
50 silly mapToRegistry uri https://registry.npmjs.org/httpsync
51 verbose addNameTag registry:https://registry.npmjs.org/httpsync not in flight; fetching
52 verbose get https://registry.npmjs.org/httpsync not expired, no request
53 silly addNameTag next cb for httpsync with tag latest
54 silly addNamed httpsync@0.0.8
55 verbose addNamed "0.0.8" is a plain semver version for httpsync
56 warn deprecated httpsync@0.0.8: This module no longer work, please use urllib-sync instead.
57 silly cache afterAdd httpsync@0.0.8
58 verbose afterAdd C:\Users\Administrator\AppData\Roaming\npm-cache\httpsync\0.0.8\package\package.json not in flight; writing
59 verbose correctMkdir C:\Users\Administrator\AppData\Roaming\npm-cache correctMkdir not in flight; initializing
60 verbose afterAdd C:\Users\Administrator\AppData\Roaming\npm-cache\httpsync\0.0.8\package\package.json written
61 silly loadAllDepsIntoIdealTree Finishing
62 silly loadIdealTree Finishing
63 silly currentTree newsweb@0.0.0
63 silly currentTree +-- accepts@1.3.3
63 silly currentTree +-- ajv@4.11.8
63 silly currentTree +-- array-flatten@1.1.1
63 silly currentTree +-- asn1@0.2.3
63 silly currentTree +-- assert-plus@0.2.0
63 silly currentTree +-- asynckit@0.4.0
63 silly currentTree +-- aws-sign2@0.6.0
63 silly currentTree +-- aws4@1.6.0
63 silly currentTree +-- basic-auth@1.1.0
63 silly currentTree +-- bcrypt-pbkdf@1.0.1
63 silly currentTree +-- body-parser@1.17.2
63 silly currentTree | +-- debug@2.6.7
63 silly currentTree | `-- ms@2.0.0
63 silly currentTree +-- boolbase@1.0.0
63 silly currentTree +-- boom@2.10.1
63 silly currentTree +-- buffer-shims@1.0.0
63 silly currentTree +-- bytes@2.4.0
63 silly currentTree +-- caseless@0.12.0
63 silly currentTree +-- cheerio@0.22.0
63 silly currentTree +-- co@4.6.0
63 silly currentTree +-- combined-stream@1.0.5
63 silly currentTree +-- content-disposition@0.5.2
63 silly currentTree +-- content-type@1.0.2
63 silly currentTree +-- cookie-parser@1.4.3
63 silly currentTree +-- cookie-signature@1.0.6
63 silly currentTree +-- cookie@0.3.1
63 silly currentTree +-- core-util-is@1.0.2
63 silly currentTree +-- cryptiles@2.0.5
63 silly currentTree +-- css-select@1.2.0
63 silly currentTree +-- css-what@2.1.0
63 silly currentTree +-- dashdash@1.14.1
63 silly currentTree | `-- assert-plus@1.0.0
63 silly currentTree +-- debug@2.6.8
63 silly currentTree | `-- ms@2.0.0
63 silly currentTree +-- delayed-stream@1.0.0
63 silly currentTree +-- depd@1.1.0
63 silly currentTree +-- destroy@1.0.4
63 silly currentTree +-- dom-serializer@0.1.0
63 silly currentTree | `-- domelementtype@1.1.3
63 silly currentTree +-- domelementtype@1.3.0
63 silly currentTree +-- domhandler@2.4.1
63 silly currentTree +-- domutils@1.5.1
63 silly currentTree +-- ecc-jsbn@0.1.1
63 silly currentTree +-- ee-first@1.1.1
63 silly currentTree +-- ejs@2.5.6
63 silly currentTree +-- encodeurl@1.0.1
63 silly currentTree +-- entities@1.1.1
63 silly currentTree +-- escape-html@1.0.3
63 silly currentTree +-- etag@1.8.0
63 silly currentTree +-- express@4.15.3
63 silly currentTree | +-- debug@2.6.7
63 silly currentTree | `-- ms@2.0.0
63 silly currentTree +-- extend@3.0.1
63 silly currentTree +-- extsprintf@1.0.2
63 silly currentTree +-- finalhandler@1.0.3
63 silly currentTree | +-- debug@2.6.7
63 silly currentTree | `-- ms@2.0.0
63 silly currentTree +-- forever-agent@0.6.1
63 silly currentTree +-- form-data@2.1.4
63 silly currentTree +-- forwarded@0.1.0
63 silly currentTree +-- fresh@0.5.0
63 silly currentTree +-- getpass@0.1.7
63 silly currentTree | `-- assert-plus@1.0.0
63 silly currentTree +-- har-schema@1.0.5
63 silly currentTree +-- har-validator@4.2.1
63 silly currentTree +-- hawk@3.1.3
63 silly currentTree +-- hoek@2.16.3
63 silly currentTree +-- htmlparser2@3.9.2
63 silly currentTree +-- http-errors@1.6.1
63 silly currentTree +-- http-signature@1.1.1
63 silly currentTree +-- iconv-lite@0.4.15
63 silly currentTree +-- inherits@2.0.3
63 silly currentTree +-- ipaddr.js@1.3.0
63 silly currentTree +-- is-typedarray@1.0.0
63 silly currentTree +-- isarray@1.0.0
63 silly currentTree +-- isstream@0.1.2
63 silly currentTree +-- jodid25519@1.0.2
63 silly currentTree +-- jsbn@0.1.1
63 silly currentTree +-- json-schema@0.2.3
63 silly currentTree +-- json-stable-stringify@1.0.1
63 silly currentTree +-- json-stringify-safe@5.0.1
63 silly currentTree +-- jsonify@0.0.0
63 silly currentTree +-- jsprim@1.4.0
63 silly currentTree | `-- assert-plus@1.0.0
63 silly currentTree +-- lodash.assignin@4.2.0
63 silly currentTree +-- lodash.bind@4.2.1
63 silly currentTree +-- lodash.defaults@4.2.0
63 silly currentTree +-- lodash.filter@4.6.0
63 silly currentTree +-- lodash.flatten@4.4.0
63 silly currentTree +-- lodash.foreach@4.5.0
63 silly currentTree +-- lodash.map@4.6.0
63 silly currentTree +-- lodash.merge@4.6.0
63 silly currentTree +-- lodash.pick@4.4.0
63 silly currentTree +-- lodash.reduce@4.6.0
63 silly currentTree +-- lodash.reject@4.6.0
63 silly currentTree +-- lodash.some@4.6.0
63 silly currentTree +-- media-typer@0.3.0
63 silly currentTree +-- merge-descriptors@1.0.1
63 silly currentTree +-- methods@1.1.2
63 silly currentTree +-- mime-db@1.27.0
63 silly currentTree +-- mime-types@2.1.15
63 silly currentTree +-- mime@1.3.4
63 silly currentTree +-- morgan@1.8.1
63 silly currentTree | `-- debug@2.6.1
63 silly currentTree +-- ms@0.7.2
63 silly currentTree +-- negotiator@0.6.1
63 silly currentTree +-- nth-check@1.0.1
63 silly currentTree +-- oauth-sign@0.8.2
63 silly currentTree +-- on-finished@2.3.0
63 silly currentTree +-- on-headers@1.0.1
63 silly currentTree +-- parseurl@1.3.1
63 silly currentTree +-- path-to-regexp@0.1.7
63 silly currentTree +-- performance-now@0.2.0
63 silly currentTree +-- process-nextick-args@1.0.7
63 silly currentTree +-- proxy-addr@1.1.4
63 silly currentTree +-- punycode@1.4.1
63 silly currentTree +-- qs@6.4.0
63 silly currentTree +-- range-parser@1.2.0
63 silly currentTree +-- raw-body@2.2.0
63 silly currentTree +-- readable-stream@2.2.9
63 silly currentTree +-- request@2.81.0
63 silly currentTree +-- safe-buffer@5.0.1
63 silly currentTree +-- send@0.15.3
63 silly currentTree | +-- debug@2.6.7
63 silly currentTree | `-- ms@2.0.0
63 silly currentTree +-- serve-favicon@2.4.3
63 silly currentTree | `-- ms@2.0.0
63 silly currentTree +-- serve-static@1.12.3
63 silly currentTree +-- setprototypeof@1.0.3
63 silly currentTree +-- sntp@1.0.9
63 silly currentTree +-- sshpk@1.13.0
63 silly currentTree | `-- assert-plus@1.0.0
63 silly currentTree +-- statuses@1.3.1
63 silly currentTree +-- string_decoder@1.0.1
63 silly currentTree +-- stringstream@0.0.5
63 silly currentTree +-- tough-cookie@2.3.2
63 silly currentTree +-- tunnel-agent@0.6.0
63 silly currentTree +-- tweetnacl@0.14.5
63 silly currentTree +-- type-is@1.6.15
63 silly currentTree +-- unpipe@1.0.0
63 silly currentTree +-- util-deprecate@1.0.2
63 silly currentTree +-- utils-merge@1.0.0
63 silly currentTree +-- uuid@3.0.1
63 silly currentTree +-- vary@1.1.1
63 silly currentTree `-- verror@1.3.6
64 silly idealTree newsweb@0.0.0
64 silly idealTree +-- accepts@1.3.3
64 silly idealTree +-- ajv@4.11.8
64 silly idealTree +-- array-flatten@1.1.1
64 silly idealTree +-- asn1@0.2.3
64 silly idealTree +-- assert-plus@0.2.0
64 silly idealTree +-- asynckit@0.4.0
64 silly idealTree +-- aws-sign2@0.6.0
64 silly idealTree +-- aws4@1.6.0
64 silly idealTree +-- basic-auth@1.1.0
64 silly idealTree +-- bcrypt-pbkdf@1.0.1
64 silly idealTree +-- body-parser@1.17.2
64 silly idealTree | +-- debug@2.6.7
64 silly idealTree | `-- ms@2.0.0
64 silly idealTree +-- boolbase@1.0.0
64 silly idealTree +-- boom@2.10.1
64 silly idealTree +-- buffer-shims@1.0.0
64 silly idealTree +-- bytes@2.4.0
64 silly idealTree +-- caseless@0.12.0
64 silly idealTree +-- cheerio@0.22.0
64 silly idealTree +-- co@4.6.0
64 silly idealTree +-- combined-stream@1.0.5
64 silly idealTree +-- content-disposition@0.5.2
64 silly idealTree +-- content-type@1.0.2
64 silly idealTree +-- cookie-parser@1.4.3
64 silly idealTree +-- cookie-signature@1.0.6
64 silly idealTree +-- cookie@0.3.1
64 silly idealTree +-- core-util-is@1.0.2
64 silly idealTree +-- cryptiles@2.0.5
64 silly idealTree +-- css-select@1.2.0
64 silly idealTree +-- css-what@2.1.0
64 silly idealTree +-- dashdash@1.14.1
64 silly idealTree | `-- assert-plus@1.0.0
64 silly idealTree +-- debug@2.6.8
64 silly idealTree | `-- ms@2.0.0
64 silly idealTree +-- delayed-stream@1.0.0
64 silly idealTree +-- depd@1.1.0
64 silly idealTree +-- destroy@1.0.4
64 silly idealTree +-- dom-serializer@0.1.0
64 silly idealTree | `-- domelementtype@1.1.3
64 silly idealTree +-- domelementtype@1.3.0
64 silly idealTree +-- domhandler@2.4.1
64 silly idealTree +-- domutils@1.5.1
64 silly idealTree +-- ecc-jsbn@0.1.1
64 silly idealTree +-- ee-first@1.1.1
64 silly idealTree +-- ejs@2.5.6
64 silly idealTree +-- encodeurl@1.0.1
64 silly idealTree +-- entities@1.1.1
64 silly idealTree +-- escape-html@1.0.3
64 silly idealTree +-- etag@1.8.0
64 silly idealTree +-- express@4.15.3
64 silly idealTree | +-- debug@2.6.7
64 silly idealTree | `-- ms@2.0.0
64 silly idealTree +-- extend@3.0.1
64 silly idealTree +-- extsprintf@1.0.2
64 silly idealTree +-- finalhandler@1.0.3
64 silly idealTree | +-- debug@2.6.7
64 silly idealTree | `-- ms@2.0.0
64 silly idealTree +-- forever-agent@0.6.1
64 silly idealTree +-- form-data@2.1.4
64 silly idealTree +-- forwarded@0.1.0
64 silly idealTree +-- fresh@0.5.0
64 silly idealTree +-- getpass@0.1.7
64 silly idealTree | `-- assert-plus@1.0.0
64 silly idealTree +-- har-schema@1.0.5
64 silly idealTree +-- har-validator@4.2.1
64 silly idealTree +-- hawk@3.1.3
64 silly idealTree +-- hoek@2.16.3
64 silly idealTree +-- htmlparser2@3.9.2
64 silly idealTree +-- http-errors@1.6.1
64 silly idealTree +-- http-signature@1.1.1
64 silly idealTree +-- httpsync@0.0.8
64 silly idealTree +-- iconv-lite@0.4.15
64 silly idealTree +-- inherits@2.0.3
64 silly idealTree +-- ipaddr.js@1.3.0
64 silly idealTree +-- is-typedarray@1.0.0
64 silly idealTree +-- isarray@1.0.0
64 silly idealTree +-- isstream@0.1.2
64 silly idealTree +-- jodid25519@1.0.2
64 silly idealTree +-- jsbn@0.1.1
64 silly idealTree +-- json-schema@0.2.3
64 silly idealTree +-- json-stable-stringify@1.0.1
64 silly idealTree +-- json-stringify-safe@5.0.1
64 silly idealTree +-- jsonify@0.0.0
64 silly idealTree +-- jsprim@1.4.0
64 silly idealTree | `-- assert-plus@1.0.0
64 silly idealTree +-- lodash.assignin@4.2.0
64 silly idealTree +-- lodash.bind@4.2.1
64 silly idealTree +-- lodash.defaults@4.2.0
64 silly idealTree +-- lodash.filter@4.6.0
64 silly idealTree +-- lodash.flatten@4.4.0
64 silly idealTree +-- lodash.foreach@4.5.0
64 silly idealTree +-- lodash.map@4.6.0
64 silly idealTree +-- lodash.merge@4.6.0
64 silly idealTree +-- lodash.pick@4.4.0
64 silly idealTree +-- lodash.reduce@4.6.0
64 silly idealTree +-- lodash.reject@4.6.0
64 silly idealTree +-- lodash.some@4.6.0
64 silly idealTree +-- media-typer@0.3.0
64 silly idealTree +-- merge-descriptors@1.0.1
64 silly idealTree +-- methods@1.1.2
64 silly idealTree +-- mime-db@1.27.0
64 silly idealTree +-- mime-types@2.1.15
64 silly idealTree +-- mime@1.3.4
64 silly idealTree +-- morgan@1.8.1
64 silly idealTree | `-- debug@2.6.1
64 silly idealTree +-- ms@0.7.2
64 silly idealTree +-- negotiator@0.6.1
64 silly idealTree +-- nth-check@1.0.1
64 silly idealTree +-- oauth-sign@0.8.2
64 silly idealTree +-- on-finished@2.3.0
64 silly idealTree +-- on-headers@1.0.1
64 silly idealTree +-- parseurl@1.3.1
64 silly idealTree +-- path-to-regexp@0.1.7
64 silly idealTree +-- performance-now@0.2.0
64 silly idealTree +-- process-nextick-args@1.0.7
64 silly idealTree +-- proxy-addr@1.1.4
64 silly idealTree +-- punycode@1.4.1
64 silly idealTree +-- qs@6.4.0
64 silly idealTree +-- range-parser@1.2.0
64 silly idealTree +-- raw-body@2.2.0
64 silly idealTree +-- readable-stream@2.2.9
64 silly idealTree +-- request@2.81.0
64 silly idealTree +-- safe-buffer@5.0.1
64 silly idealTree +-- send@0.15.3
64 silly idealTree | +-- debug@2.6.7
64 silly idealTree | `-- ms@2.0.0
64 silly idealTree +-- serve-favicon@2.4.3
64 silly idealTree | `-- ms@2.0.0
64 silly idealTree +-- serve-static@1.12.3
64 silly idealTree +-- setprototypeof@1.0.3
64 silly idealTree +-- sntp@1.0.9
64 silly idealTree +-- sshpk@1.13.0
64 silly idealTree | `-- assert-plus@1.0.0
64 silly idealTree +-- statuses@1.3.1
64 silly idealTree +-- string_decoder@1.0.1
64 silly idealTree +-- stringstream@0.0.5
64 silly idealTree +-- tough-cookie@2.3.2
64 silly idealTree +-- tunnel-agent@0.6.0
64 silly idealTree +-- tweetnacl@0.14.5
64 silly idealTree +-- type-is@1.6.15
64 silly idealTree +-- unpipe@1.0.0
64 silly idealTree +-- util-deprecate@1.0.2
64 silly idealTree +-- utils-merge@1.0.0
64 silly idealTree +-- uuid@3.0.1
64 silly idealTree +-- vary@1.1.1
64 silly idealTree `-- verror@1.3.6
65 silly generateActionsToTake Starting
66 silly install generateActionsToTake
67 silly generateActionsToTake Finishing
68 silly diffTrees action count 1
69 silly diffTrees add httpsync@0.0.8
70 silly decomposeActions action count 8
71 silly decomposeActions fetch httpsync@0.0.8
72 silly decomposeActions extract httpsync@0.0.8
73 silly decomposeActions test httpsync@0.0.8
74 silly decomposeActions preinstall httpsync@0.0.8
75 silly decomposeActions build httpsync@0.0.8
76 silly decomposeActions install httpsync@0.0.8
77 silly decomposeActions postinstall httpsync@0.0.8
78 silly decomposeActions finalize httpsync@0.0.8
79 silly runTopLevelLifecycles Starting
80 silly executeActions Starting
81 silly install executeActions
82 silly doSerial global-install 0
83 silly doParallel fetch 1
84 verbose correctMkdir C:\Users\Administrator\AppData\Roaming\npm-cache\_locks correctMkdir not in flight; initializing
85 verbose lock using C:\Users\Administrator\AppData\Roaming\npm-cache\_locks\staging-09ff781f1520bd3d.lock for C:\Users\Administrator\Desktop\short\NewsWebsite\Server\node_modules\.staging
86 silly doParallel extract 1
87 silly extract httpsync@0.0.8
88 verbose unbuild node_modules\.staging\httpsync-e230e0f4
89 silly gentlyRm C:\Users\Administrator\Desktop\short\NewsWebsite\Server\node_modules\.staging\httpsync-e230e0f4 is being purged from base C:\Users\Administrator\Desktop\short\NewsWebsite\Server
90 verbose gentlyRm don't care about contents; nuking C:\Users\Administrator\Desktop\short\NewsWebsite\Server\node_modules\.staging\httpsync-e230e0f4
91 verbose tar unpack C:\Users\Administrator\AppData\Roaming\npm-cache\httpsync\0.0.8\package.tgz
92 verbose tar unpacking to C:\Users\Administrator\Desktop\short\NewsWebsite\Server\node_modules\.staging\httpsync-e230e0f4
93 silly gentlyRm C:\Users\Administrator\Desktop\short\NewsWebsite\Server\node_modules\.staging\httpsync-e230e0f4 is being purged
94 verbose gentlyRm don't care about contents; nuking C:\Users\Administrator\Desktop\short\NewsWebsite\Server\node_modules\.staging\httpsync-e230e0f4
95 silly gunzTarPerm modes [ '777', '666' ]
96 silly gunzTarPerm extractEntry package.json
97 silly gunzTarPerm modified mode [ 'package.json', 420, 438 ]
98 silly gunzTarPerm extractEntry .npmignore
99 silly gunzTarPerm modified mode [ '.npmignore', 420, 438 ]
100 silly gunzTarPerm extractEntry README.md
101 silly gunzTarPerm modified mode [ 'README.md', 420, 438 ]
102 silly gunzTarPerm extractEntry index.js
103 silly gunzTarPerm modified mode [ 'index.js', 420, 438 ]
104 silly gunzTarPerm extractEntry Makefile
105 silly gunzTarPerm modified mode [ 'Makefile', 420, 438 ]
106 silly gunzTarPerm extractEntry wscript
107 silly gunzTarPerm modified mode [ 'wscript', 420, 438 ]
108 silly gunzTarPerm extractEntry TODO
109 silly gunzTarPerm modified mode [ 'TODO', 420, 438 ]
110 silly gunzTarPerm extractEntry binding.gyp
111 silly gunzTarPerm modified mode [ 'binding.gyp', 420, 438 ]
112 silly gunzTarPerm extractEntry .travis.yml
113 silly gunzTarPerm modified mode [ '.travis.yml', 420, 438 ]
114 silly gunzTarPerm extractEntry example/upload_file.js
115 silly gunzTarPerm modified mode [ 'example/upload_file.js', 420, 438 ]
116 silly gunzTarPerm extractEntry AUTHORS
117 silly gunzTarPerm modified mode [ 'AUTHORS', 420, 438 ]
118 silly gunzTarPerm extractEntry link.sh
119 silly gunzTarPerm modified mode [ 'link.sh', 420, 438 ]
120 silly gunzTarPerm extractEntry History.md
121 silly gunzTarPerm modified mode [ 'History.md', 420, 438 ]
122 silly gunzTarPerm extractEntry src/curl.cc
123 silly gunzTarPerm modified mode [ 'src/curl.cc', 420, 438 ]
124 silly gunzTarPerm extractEntry src/curl.h
125 silly gunzTarPerm modified mode [ 'src/curl.h', 420, 438 ]
126 silly gunzTarPerm extractEntry src/main.cc
127 silly gunzTarPerm modified mode [ 'src/main.cc', 420, 438 ]
128 silly gunzTarPerm extractEntry src/request.cc
129 silly gunzTarPerm modified mode [ 'src/request.cc', 420, 438 ]
130 silly gunzTarPerm extractEntry test/curl.js
131 silly gunzTarPerm modified mode [ 'test/curl.js', 420, 438 ]
132 silly gunzTarPerm extractEntry test/mocha.opts
133 silly gunzTarPerm modified mode [ 'test/mocha.opts', 420, 438 ]
134 silly gunzTarPerm extractEntry test/support/echo.js
135 silly gunzTarPerm modified mode [ 'test/support/echo.js', 420, 438 ]
136 silly gunzTarPerm extractEntry build.sh
137 silly gunzTarPerm modified mode [ 'build.sh', 420, 438 ]
138 silly gentlyRm C:\Users\Administrator\Desktop\short\NewsWebsite\Server\node_modules\.staging\httpsync-e230e0f4\node_modules is being purged
139 verbose gentlyRm don't care about contents; nuking C:\Users\Administrator\Desktop\short\NewsWebsite\Server\node_modules\.staging\httpsync-e230e0f4\node_modules
140 silly doParallel preinstall 1
141 silly preinstall httpsync@0.0.8 C:\Users\Administrator\Desktop\short\NewsWebsite\Server\node_modules\.staging\httpsync-e230e0f4
142 info lifecycle httpsync@0.0.8~preinstall: httpsync@0.0.8
143 silly lifecycle httpsync@0.0.8~preinstall: no script for preinstall, continuing
144 silly doReverseSerial remove 0
145 silly doSerial move 0
146 silly doSerial finalize 1
147 silly finalize C:\Users\Administrator\Desktop\short\NewsWebsite\Server\node_modules\httpsync
148 silly doSerial build 1
149 silly build httpsync@0.0.8
150 info linkStuff httpsync@0.0.8
151 silly linkStuff httpsync@0.0.8 has C:\Users\Administrator\Desktop\short\NewsWebsite\Server\node_modules as its parent node_modules
152 verbose linkBins httpsync@0.0.8
153 verbose linkMans httpsync@0.0.8
154 silly doSerial global-link 0
155 silly doParallel update-linked 0
156 silly doSerial install 1
157 silly install httpsync@0.0.8 C:\Users\Administrator\Desktop\short\NewsWebsite\Server\node_modules\.staging\httpsync-e230e0f4
158 info lifecycle httpsync@0.0.8~install: httpsync@0.0.8
159 verbose lifecycle httpsync@0.0.8~install: unsafe-perm in lifecycle true
160 verbose lifecycle httpsync@0.0.8~install: PATH: D:\nodejs\node_modules\npm\bin\node-gyp-bin;C:\Users\Administrator\Desktop\short\NewsWebsite\Server\node_modules\httpsync\node_modules\.bin;C:\Users\Administrator\Desktop\short\NewsWebsite\Server\node_modules\.bin;D:\Python36\Scripts\;D:\Python36\;C:\ProgramData\Oracle\Java\javapath;C:\WINDOWS\SYSTEM32;C:\WINDOWS;C:\WINDOWS\SYSTEM32\WBEM;C:\WINDOWS\SYSTEM32\WINDOWSPOWERSHELL\V1.0\;C:\PROGRAM FILES (X86)\NVIDIA CORPORATION\PHYSX\COMMON;C:\WINDOWS\SYSTEM32;C:\WINDOWS;C:\WINDOWS\SYSTEM32\WBEM;C:\WINDOWS\SYSTEM32\WINDOWSPOWERSHELL\V1.0\;C:\PROGRAM FILES\MICROSOFT SQL SERVER\130\TOOLS\BINN\;C:\Program Files\WIDCOMM\Bluetooth Software\;C:\Program Files\WIDCOMM\Bluetooth Software\syswow64;C:\WINDOWS\system32;C:\WINDOWS;C:\WINDOWS\System32\Wbem;C:\WINDOWS\System32\WindowsPowerShell\v1.0\;D:\SDK\platform-tools;C:\Program Files\Java\jre1.8.0_101\bin;C:\Program Files\MySQL\MySQL Utilities 1.6\;C:\Program Files (x86)\GtkSharp\2.12\bin;C:\strawberry\c\bin;C:\strawberry\perl\bin;D:\Matlab\runtime\win64;D:\Matlab\bin;D:\Matlab\polyspace\bin;D:\Git\cmd;C:\Program Files (x86)\Windows Kits\10\Windows Performance Toolkit\;D:\nodejs\;C:\Users\Administrator\AppData\Local\Microsoft\WindowsApps;C:\Users\Administrator\AppData\Roaming\npm
161 verbose lifecycle httpsync@0.0.8~install: CWD: C:\Users\Administrator\Desktop\short\NewsWebsite\Server\node_modules\httpsync
162 silly lifecycle httpsync@0.0.8~install: Args: [ '/d /s /c', 'sh build.sh' ]
163 silly lifecycle httpsync@0.0.8~install: Returned: code: 1  signal: null
164 info lifecycle httpsync@0.0.8~install: Failed to exec install script
165 verbose unlock done using C:\Users\Administrator\AppData\Roaming\npm-cache\_locks\staging-09ff781f1520bd3d.lock for C:\Users\Administrator\Desktop\short\NewsWebsite\Server\node_modules\.staging
166 silly rollbackFailedOptional Starting
167 silly rollbackFailedOptional Finishing
168 silly runTopLevelLifecycles Finishing
169 silly install printInstalled
170 verbose stack Error: httpsync@0.0.8 install: `sh build.sh`
170 verbose stack Exit status 1
170 verbose stack     at EventEmitter.<anonymous> (D:\nodejs\node_modules\npm\lib\utils\lifecycle.js:255:16)
170 verbose stack     at emitTwo (events.js:106:13)
170 verbose stack     at EventEmitter.emit (events.js:191:7)
170 verbose stack     at ChildProcess.<anonymous> (D:\nodejs\node_modules\npm\lib\utils\spawn.js:40:14)
170 verbose stack     at emitTwo (events.js:106:13)
170 verbose stack     at ChildProcess.emit (events.js:191:7)
170 verbose stack     at maybeClose (internal/child_process.js:886:16)
170 verbose stack     at Process.ChildProcess._handle.onexit (internal/child_process.js:226:5)
171 verbose pkgid httpsync@0.0.8
172 verbose cwd C:\Users\Administrator\Desktop\short\NewsWebsite\Server
173 error Windows_NT 10.0.14393
174 error argv "D:\\nodejs\\node.exe" "D:\\nodejs\\node_modules\\npm\\bin\\npm-cli.js" "install" "httpsync" "--save"
175 error node v6.10.2
176 error npm  v3.10.10
177 error code ELIFECYCLE
178 error httpsync@0.0.8 install: `sh build.sh`
178 error Exit status 1
179 error Failed at the httpsync@0.0.8 install script 'sh build.sh'.
179 error Make sure you have the latest version of node.js and npm installed.
179 error If you do, this is most likely a problem with the httpsync package,
179 error not with npm itself.
179 error Tell the author that this fails on your system:
179 error     sh build.sh
179 error You can get information on how to open an issue for this project with:
179 error     npm bugs httpsync
179 error Or if that isn't available, you can get their info via:
179 error     npm owner ls httpsync
179 error There is likely additional logging output above.
180 verbose exit [ 1, true ]
